#
# There is insufficient memory for the Java Runtime Environment to continue.
# Native memory allocation (malloc) failed to allocate 1048576 bytes for AllocateHeap
# Possible reasons:
#   The system is out of physical RAM or swap space
#   In 32 bit mode, the process size limit was hit
# Possible solutions:
#   Reduce memory load on the system
#   Increase physical memory or swap space
#   Check if swap backing store is full
#   Use 64 bit Java on a 64 bit OS
#   Decrease Java heap size (-Xmx/-Xms)
#   Decrease number of Java threads
#   Decrease Java thread stack sizes (-Xss)
#   Set larger code cache with -XX:ReservedCodeCacheSize=
# This output file may be truncated or incomplete.
#
#  Out of Memory Error (memory/allocation.inline.hpp:61), pid=7940, tid=0x0000000000001d48
#
# JRE version:  (8.0_92-b14) (build )
# Java VM: Java HotSpot(TM) 64-Bit Server VM (25.92-b14 mixed mode windows-amd64 compressed oops)
# Failed to write core dump. Minidumps are not enabled by default on client versions of Windows
#

---------------  T H R E A D  ---------------

Current thread (0x000000000206f000):  JavaThread "Unknown thread" [_thread_in_vm, id=7496, stack(0x0000000002180000,0x0000000002280000)]

Stack: [0x0000000002180000,0x0000000002280000]
[error occurred during error reporting (printing stack bounds), id 0xc0000005]

Native frames: (J=compiled Java code, j=interpreted, Vv=VM code, C=native code)


---------------  P R O C E S S  ---------------

Java Threads: ( => current thread )

Other Threads:

=>0x000000000206f000 (exited) JavaThread "Unknown thread" [_thread_in_vm, id=7496, stack(0x0000000002180000,0x0000000002280000)]

VM state:not at safepoint (normal execution)

VM Mutex/Monitor currently owned by a thread: None

Heap:
 PSYoungGen      total 38400K, used 665K [0x00000000eab00000, 0x00000000ed580000, 0x0000000100000000)
  eden space 33280K, 2% used [0x00000000eab00000,0x00000000eaba6670,0x00000000ecb80000)
  from space 5120K, 0% used [0x00000000ed080000,0x00000000ed080000,0x00000000ed580000)
  to   space 5120K, 0% used [0x00000000ecb80000,0x00000000ecb80000,0x00000000ed080000)
 ParOldGen       total 87552K, used 0K [0x00000000c0000000, 0x00000000c5580000, 0x00000000eab00000)
  object space 87552K, 0% used [0x00000000c0000000,0x00000000c0000000,0x00000000c5580000)
 Metaspace       used 769K, capacity 4480K, committed 4480K, reserved 1056768K
  class space    used 75K, capacity 384K, committed 384K, reserved 1048576K

Card table byte_map: [0x00000000119c0000,0x0000000011bd0000] byte_map_base: 0x00000000113c0000

Marking Bits: (ParMarkBitMap*) 0x00000000705b64f0
 Begin Bits: [0x0000000012320000, 0x0000000013320000)
 End Bits:   [0x0000000013320000, 0x0000000014320000)

Polling page: 0x0000000001fe0000

CodeCache: size=245760Kb used=328Kb max_used=328Kb free=245431Kb
 bounds [0x0000000002600000, 0x0000000002870000, 0x0000000011600000]
 total_blobs=58 nmethods=0 adapters=38
 compilation: enabled

Compilation events (0 events):
No events

GC Heap History (0 events):
No events

Deoptimization events (0 events):
No events

Internal exceptions (0 events):
No events

Events (10 events):
Event: 0.028 loading class java/lang/Short
Event: 0.028 loading class java/lang/Short done
Event: 0.028 loading class java/lang/Integer
Event: 0.029 loading class java/lang/Integer done
Event: 0.029 loading class java/lang/Long
Event: 0.029 loading class java/lang/Long done
Event: 0.030 loading class java/lang/NullPointerException
Event: 0.030 loading class java/lang/NullPointerException done
Event: 0.030 loading class java/lang/ArithmeticException
Event: 0.030 loading class java/lang/ArithmeticException done


Dynamic libraries:
0x000000013f500000 - 0x000000013f537000 	C:\Program Files\Java\jdk1.8.0_92\bin\java.exe
0x0000000077200000 - 0x00000000773ab000 	C:\windows\SYSTEM32\ntdll.dll
0x0000000076fe0000 - 0x00000000770ff000 	C:\windows\system32\kernel32.dll
0x000007fefd160000 - 0x000007fefd1ca000 	C:\windows\system32\KERNELBASE.dll
0x000007fefe8d0000 - 0x000007fefe9ab000 	C:\windows\system32\ADVAPI32.dll
0x000007fefe790000 - 0x000007fefe82f000 	C:\windows\system32\msvcrt.dll
0x000007fefd310000 - 0x000007fefd32f000 	C:\windows\SYSTEM32\sechost.dll
0x000007fefe610000 - 0x000007fefe73d000 	C:\windows\system32\RPCRT4.dll
0x0000000077100000 - 0x00000000771fa000 	C:\windows\system32\USER32.dll
0x000007feff0f0000 - 0x000007feff157000 	C:\windows\system32\GDI32.dll
0x000007fefec80000 - 0x000007fefec8e000 	C:\windows\system32\LPK.dll
0x000007fefef40000 - 0x000007feff00a000 	C:\windows\system32\USP10.dll
0x000007fefb830000 - 0x000007fefba24000 	C:\windows\WinSxS\amd64_microsoft.windows.common-controls_6595b64144ccf1df_6.0.7601.18837_none_fa3b1e3d17594757\COMCTL32.dll
0x000007feff010000 - 0x000007feff081000 	C:\windows\system32\SHLWAPI.dll
0x000007fefe9b0000 - 0x000007fefe9de000 	C:\windows\system32\IMM32.DLL
0x000007fefe9e0000 - 0x000007fefeae9000 	C:\windows\system32\MSCTF.dll
0x0000000065730000 - 0x0000000065802000 	C:\Program Files\Java\jdk1.8.0_92\jre\bin\msvcr100.dll
0x000000006fda0000 - 0x0000000070636000 	C:\Program Files\Java\jdk1.8.0_92\jre\bin\server\jvm.dll
0x000007fef7750000 - 0x000007fef7759000 	C:\windows\system32\WSOCK32.dll
0x000007fefe740000 - 0x000007fefe78d000 	C:\windows\system32\WS2_32.dll
0x000007fefd300000 - 0x000007fefd308000 	C:\windows\system32\NSI.dll
0x000007fefa900000 - 0x000007fefa93b000 	C:\windows\system32\WINMM.dll
0x000007fefbfe0000 - 0x000007fefbfec000 	C:\windows\system32\VERSION.dll
0x00000000773c0000 - 0x00000000773c7000 	C:\windows\system32\PSAPI.DLL
0x000000006cb70000 - 0x000000006cb7f000 	C:\Program Files\Java\jdk1.8.0_92\jre\bin\verify.dll
0x000000006ba90000 - 0x000000006bab9000 	C:\Program Files\Java\jdk1.8.0_92\jre\bin\java.dll
0x000000006ba70000 - 0x000000006ba86000 	C:\Program Files\Java\jdk1.8.0_92\jre\bin\zip.dll

VM Arguments:
jvm_args: -Djava.awt.headless=true -Xmx1024M -Dfile.encoding=windows-1252 -Duser.country=US -Duser.language=en -Duser.variant 
java_command: com.android.dx.command.Main --dex --force-jumbo --num-threads=4 --multi-dex --output C:\Users\kayla2\Downloads\Compressed\rest\EdPam\app\build\intermediates\transforms\dex\debug\folders\1000\10\com.roughike-bottom-bar-2.0.2_547b3d2b55a9d29f0474a7bf9e85d0a1b6d30d0e C:\Users\kayla2\Downloads\Compressed\rest\EdPam\app\build\intermediates\exploded-aar\com.roughike\bottom-bar\2.0.2\jars\classes.jar
java_class_path (initial): C:\Users\kayla2\AppData\Local\Android\sdk\build-tools\24.0.0\lib\dx.jar
Launcher Type: SUN_STANDARD

Environment Variables:
PATH=C:\Program Files (x86)\Common Files\Intel\Shared Files\cpp\bin\Intel64;C:\ProgramData\Oracle\Java\javapath;C:\Program Files\Common Files\Microsoft Shared\Windows Live;C:\Program Files (x86)\Common Files\Microsoft Shared\Windows Live;C:\windows\system32;C:\windows;C:\windows\System32\Wbem;C:\windows\System32\WindowsPowerShell\v1.0\;C:\Program Files (x86)\Windows Live\Shared;C:\Program Files (x86)\ATI Technologies\ATI.ACE\Core-Static;C:\Program Files (x86)\DevDesktop\drush;C:\Program Files\Common Files\Autodesk Shared\;C:\Program Files (x86)\Autodesk\Backburner\;c:\Program Files\Microsoft SQL Server\110\Tools\Binn\;c:\Program Files (x86)\Microsoft SQL Server\110\Tools\Binn\;c:\Program Files\Microsoft SQL Server\110\DTS\Binn\;c:\Program Files (x86)\Microsoft SQL Server\110\Tools\Binn\ManagementStudio\;c:\Program Files (x86)\Microsoft Visual Studio 10.0\Common7\IDE\PrivateAssemblies\;c:\Program Files (x86)\Microsoft SQL Server\110\DTS\Binn\;C:\Program Files (x86)\Microsoft VS Code\bin
USERNAME=kayla2
OS=Windows_NT
PROCESSOR_IDENTIFIER=Intel64 Family 6 Model 42 Stepping 7, GenuineIntel



---------------  S Y S T E M  ---------------

OS: Windows 7 , 64 bit Build 7601 (6.1.7601.23455)

CPU:total 4 (2 cores per cpu, 2 threads per core) family 6 model 42 stepping 7, cmov, cx8, fxsr, mmx, sse, sse2, sse3, ssse3, sse4.1, sse4.2, popcnt, avx, aes, clmul, ht, tsc, tscinvbit

Memory: 4k page, physical 8335216k(1203012k free), swap 9093828k(12716k free)

vm_info: Java HotSpot(TM) 64-Bit Server VM (25.92-b14) for windows-amd64 JRE (1.8.0_92-b14), built on Mar 31 2016 21:03:04 by "java_re" with MS VC++ 10.0 (VS2010)

time: Sun Oct 02 12:06:20 2016
elapsed time: 0 seconds (0d 0h 0m 0s)

